Version: 1.5.0 to 1.5.1 ---------------
1.APIVersion Up 101036
2.Update keyword.


Version: 1.4.27 ---------------
1.APIVersion Up 101034
2.Bug fix
Update keyword


Version: 1.4.26 ---------------
1.APIVersion Up 101033


Version: 1.4.23 to 1.4.25 ---------------
1.Add BR(Brazilian Portuguese) localization.


Version: 1.4.22 ---------------
1.Bug fix
Supports [Corrupting Bloody Mara].


Version: 1.4.21 ---------------
1.Bug fix
Update keyword


Version: 1.4.20 ---------------
1.Bug fix
Update IsValidConditions(). -- Thanks @mightyjo!


Version: 1.4.19 ---------------
1.Bug fix
Update keyword


2.Bug fix
Change the keyword check method.


Version: 1.4.18 ---------------
1.Bug fix (Russian localization)
Update keyword


2.Change information rules.


Version: 1.4.14 to 1.4.17 ---------------
1.Bug fix
Supports changing the order of skill lines .

2.Bug fix
Edit matching keywords.

3.Bug fix
Fixed a bug where bulk creation did not work properly.


Version: 1.4.13 ---------------
1.APIVersion Up 100034


Version: 1.4.10 to 1.4.12 ---------------
1.Bug fix
Fixed newlife request not being processed correctly.


Version: 1.4.9 ---------------
1.APIVersion Up 100033


Version: 1.4.8 ---------------
1.Bug fix
Fixed the display of the context menu.


Version: 1.4.7 ---------------
1.APIVersion Up 100032


Version: 1.4.5 to 1.4.6 ---------------
1.Bug fix (Russian localization)
Update keyword


Version: 1.4.4 ---------------
1.Add /langru


Version: 1.4.3 ---------------
1.APIVersion Up 100031


Version: 1.4.1 to 1.4.2 ---------------
1.Use LibCustomMenu.


Version: 1.4.0 ---------------
1.APIVersion Up 100030
2.LibMarify Outside.


Version: 1.3.10 ---------------
1.change the SavedVariables format.


Version: 1.3.9 ---------------
1.Bug fix
Fixed a bug where items could not be acquired.


Version: 1.3.3 to 1.3.8 ---------------
1.Add Witches Festival Writ.
2.Bug fix
LibMarify Update.


Version: 1.3.0 to 1.3.2 ---------------
1.APIVersion Up 100029


Version: 1.2.19 ---------------
1.Add Polish translation.
Thank you! tomkolp


Version: 1.2.18 ---------------
1.APIVersion Up 100028


Version: 1.2.17 ---------------
1.APIVersion Up 100027
2.Remove system bug patch. [GetCraftingSkillLineIndices]


Version: 1.2.16 ---------------
1.Bug fix
Fixed recieving items from bank automatically.


Version: 1.2.15 ---------------
1.System bug patch. [GetCraftingSkillLineIndices]


Version: 1.2.14 ---------------
1.It works with [ConfirmMasterWrit].


Version: 1.2.13 ---------------
1.APIVersion Up 100026


Version: 1.2.12 ---------------
1.Bug fix
Fixed outputs "Recipe [] is unknown. No items were crafted"


Version: 1.2.11 ---------------
1.Update LibStub

2.Add Setting: Show log ... default ON


Version: 1.2.10 ---------------
1.APIVersion Up 100025


Version: 1.2.9 ---------------
1.Bug fix
Fixed recipe sort order.

2.Bug fix(Russian localization)
Add keyword


Version: 1.2.3 to 1.2.8 ---------------
1.Bug fix
Correcting the problem that an error occurs during automatic creation.
Thanks @Ony-3!


Version: 1.2.2 ---------------
1.Bug fix
Disable automatic creation if do not know the recipe.


2.Bug fix(Russian localization)
Add keyword


Version: 1.2.1 ---------------
1.Bug fix
Fixed a bug that caused errors when crafting with multiple characters.


Version: 1.2.0 ---------------
1.Add Option
Disable automatic creation if do not know the recipe.

2.Bug fix
Fixed a problem that can't find a recipe if upload cooking skills after receiving a daily request.

4.Update keyword(Russian localization)
Thanks KiriX!

3.Update keyword(English localization)
Thanks daimon!


Version: 1.1.5 ---------------
1.APIVersion Up 100024

2.Change logic to retrieve items from bank

3.Add functions when return home


Version: 1.1.4 ---------------
1.Bug fix
Fixed Function to create master request item without receiving an order.

2.Bug fix (German and Russian localization)
Add keyword.


Version: 1.1.3 ---------------
1.Bug fix
Fixed a bug that some master requests could not be created (quality=2)

2.Using the new function GetItemLinkItemId(itemLink)

3.Integrate setting items(Retrieve items from home storage)


Version: 1.1.2 ---------------
1.Bug fix
Fixed error occurrence in gamepad mode.(formal solution)


Version: 1.1.1 ---------------
1.Bug fix
Fixed error occurrence in gamepad mode.(temporary solution)


Version: 1.1.0 ---------------
1.Add Function
Function to create master request item without receiving an order.(Now Testing)

2.Change message output method

3.Improve speed a little

4.Bug fix (German and Russian localization)
Add keyword.


Version: 1.0.3 ---------------
1.Bug fix
Fixed an issue that caused an error when opening a bank


Version: 1.0.2 ---------------
1.Bug fix
Fixed that error message cannot be displayed correctly when not having a recipe

2.Language file Update(All)
Thanks for help me! KiriX


Version: 1.0.1 ---------------
1.Bug fix
Fix to display error message when quest text and cooking name do not match


Version: 1.0.0 ---------------
1.Improve speed a little


Version: 0.9.12 ---------------
1.Language file Update(Russian localization)
I am grateful for KiriX cooperation.


Version: 0.9.11 ---------------
1.Bug fix
There are cases where an incorrect item is taken out from a bank

2.Change messages a bit(English and German and French)


Version: 0.9.10 ---------------
1.Bug fix
Fixed function to alert missing materials.


Version: 0.9.9 ---------------
1. Significant change in code.
2. Started to support Home Storage.


Version: 0.9.8 ---------------
1.Add automatic exit function from craft station.


Version: 0.9.7 ---------------
1.changed the number of batch creation steps from 5 to 1


Version: 0.9.6 ---------------
1.Bug fix
Fixed a bug in the error log when there was no recipe.


Version: 0.9.5 ---------------
1.Bug fix (English localization)
English localization: Correcting items(-) containing hyphens


Version: 0.9.4 ---------------
1.APIVersion: UP to 100022

Version: 0.9.3 ---------------
1.Bug fix (French localization)
A strange code(0xE2) is inserted instead of a space(0x20)
Corresponding to unsupported recipe name, there was a leak, so modify keywords.

2. Change processing order of daily and master.


Version: 0.9.2 ---------------
1. Master Writs support.
2. Bulk Creation function added.
3. Added debug log ON / OFF function
4. Started to support German and French and Russian (It is still under test)
5. Started to support Russian (Since there is no verification environment, it cannot be tested...)
6. Bug fix

